2025-04-23 10:27:15,302 - __main__ - INFO - 开始实时分析...
2025-04-23 10:27:15,950 - __main__ - ERROR - 分析 AMD 时出错: 'TechnicalAnalysis' object has no attribute 'calculate_indicators'
2025-04-23 10:27:16,032 - __main__ - ERROR - 分析 NVDA 时出错: 'TechnicalAnalysis' object has no attribute 'calculate_indicators'
2025-04-23 10:27:16,123 - __main__ - ERROR - 分析 PFE 时出错: 'TechnicalAnalysis' object has no attribute 'calculate_indicators'
2025-04-23 10:27:16,209 - __main__ - ERROR - 分析 MSFT 时出错: 'TechnicalAnalysis' object has no attribute 'calculate_indicators'
2025-04-23 10:27:16,334 - __main__ - ERROR - 分析 TMDX 时出错: 'TechnicalAnalysis' object has no attribute 'calculate_indicators'
2025-04-23 10:28:16,416 - __main__ - ERROR - 分析 AMD 时出错: 'TechnicalAnalysis' object has no attribute 'calculate_indicators'
2025-04-23 10:28:16,517 - __main__ - ERROR - 分析 NVDA 时出错: 'TechnicalAnalysis' object has no attribute 'calculate_indicators'
2025-04-23 10:28:16,765 - __main__ - ERROR - 分析 PFE 时出错: 'TechnicalAnalysis' object has no attribute 'calculate_indicators'
2025-04-23 10:28:16,842 - __main__ - ERROR - 分析 MSFT 时出错: 'TechnicalAnalysis' object has no attribute 'calculate_indicators'
2025-04-23 10:28:16,927 - __main__ - ERROR - 分析 TMDX 时出错: 'TechnicalAnalysis' object has no attribute 'calculate_indicators'
2025-04-23 10:28:57,833 - __main__ - INFO - 开始实时分析...
2025-04-23 10:28:58,433 - __main__ - ERROR - 分析 AMD 时出错: 'AlertSystem' object has no attribute 'check_alerts'
2025-04-23 10:28:58,582 - __main__ - ERROR - 分析 NVDA 时出错: 'AlertSystem' object has no attribute 'check_alerts'
2025-04-23 10:28:58,717 - __main__ - ERROR - 分析 PFE 时出错: 'AlertSystem' object has no attribute 'check_alerts'
2025-04-23 10:28:58,809 - __main__ - ERROR - 分析 MSFT 时出错: 'AlertSystem' object has no attribute 'check_alerts'
2025-04-23 10:28:58,895 - __main__ - ERROR - 分析 TMDX 时出错: 'AlertSystem' object has no attribute 'check_alerts'
2025-04-23 10:29:59,058 - __main__ - ERROR - 分析 AMD 时出错: 'AlertSystem' object has no attribute 'check_alerts'
2025-04-23 10:29:59,171 - __main__ - ERROR - 分析 NVDA 时出错: 'AlertSystem' object has no attribute 'check_alerts'
2025-04-23 10:29:59,254 - __main__ - ERROR - 分析 PFE 时出错: 'AlertSystem' object has no attribute 'check_alerts'
2025-04-23 10:29:59,399 - __main__ - ERROR - 分析 MSFT 时出错: 'AlertSystem' object has no attribute 'check_alerts'
2025-04-23 10:29:59,529 - __main__ - ERROR - 分析 TMDX 时出错: 'AlertSystem' object has no attribute 'check_alerts'
2025-04-23 10:30:59,830 - __main__ - ERROR - 分析 AMD 时出错: 'AlertSystem' object has no attribute 'check_alerts'
2025-04-23 10:30:59,914 - __main__ - ERROR - 分析 NVDA 时出错: 'AlertSystem' object has no attribute 'check_alerts'
2025-04-23 10:31:00,004 - __main__ - ERROR - 分析 PFE 时出错: 'AlertSystem' object has no attribute 'check_alerts'
2025-04-23 10:31:00,106 - __main__ - ERROR - 分析 MSFT 时出错: 'AlertSystem' object has no attribute 'check_alerts'
2025-04-23 10:31:00,347 - __main__ - ERROR - 分析 TMDX 时出错: 'AlertSystem' object has no attribute 'check_alerts'
2025-04-23 10:32:00,643 - __main__ - ERROR - 分析 AMD 时出错: 'AlertSystem' object has no attribute 'check_alerts'
2025-04-23 10:32:00,729 - __main__ - ERROR - 分析 NVDA 时出错: 'AlertSystem' object has no attribute 'check_alerts'
2025-04-23 10:32:00,833 - __main__ - ERROR - 分析 PFE 时出错: 'AlertSystem' object has no attribute 'check_alerts'
2025-04-23 10:32:00,939 - __main__ - ERROR - 分析 MSFT 时出错: 'AlertSystem' object has no attribute 'check_alerts'
2025-04-23 10:32:01,168 - __main__ - ERROR - 分析 TMDX 时出错: 'AlertSystem' object has no attribute 'check_alerts'
2025-04-23 10:33:01,465 - __main__ - ERROR - 分析 AMD 时出错: 'AlertSystem' object has no attribute 'check_alerts'
2025-04-23 10:33:01,553 - __main__ - ERROR - 分析 NVDA 时出错: 'AlertSystem' object has no attribute 'check_alerts'
2025-04-23 10:33:01,649 - __main__ - ERROR - 分析 PFE 时出错: 'AlertSystem' object has no attribute 'check_alerts'
2025-04-23 10:33:01,733 - __main__ - ERROR - 分析 MSFT 时出错: 'AlertSystem' object has no attribute 'check_alerts'
2025-04-23 10:33:01,986 - __main__ - ERROR - 分析 TMDX 时出错: 'AlertSystem' object has no attribute 'check_alerts'
2025-04-23 10:36:20,983 - __main__ - INFO - 开始实时分析...
2025-04-23 10:36:21,751 - __main__ - INFO - 
AMD 分析报告:
2025-04-23 10:36:21,752 - __main__ - INFO - 价格: 91.57
2025-04-23 10:36:21,752 - __main__ - INFO - 涨跌幅: 0.00%
2025-04-23 10:36:21,752 - __main__ - INFO - 成交量: 0.0
2025-04-23 10:36:21,752 - __main__ - INFO - 技术指标:
2025-04-23 10:36:21,752 - __main__ - INFO - RSI: 83.92
2025-04-23 10:36:21,752 - __main__ - INFO - MACD: 0.17
2025-04-23 10:36:21,752 - __main__ - INFO - MACD Signal: 0.09
2025-04-23 10:36:21,752 - __main__ - INFO - MA20: 90.96
2025-04-23 10:36:21,752 - __main__ - INFO - MA50: 90.88
2025-04-23 10:36:21,752 - __main__ - INFO - MA200: nan
2025-04-23 10:36:21,752 - __main__ - INFO - 波动率: 0.12%
2025-04-23 10:36:21,843 - __main__ - INFO - 
NVDA 分析报告:
2025-04-23 10:36:21,843 - __main__ - INFO - 价格: 103.40
2025-04-23 10:36:21,843 - __main__ - INFO - 涨跌幅: 0.00%
2025-04-23 10:36:21,843 - __main__ - INFO - 成交量: 0.0
2025-04-23 10:36:21,843 - __main__ - INFO - 技术指标:
2025-04-23 10:36:21,843 - __main__ - INFO - RSI: 73.96
2025-04-23 10:36:21,843 - __main__ - INFO - MACD: 0.08
2025-04-23 10:36:21,843 - __main__ - INFO - MACD Signal: 0.03
2025-04-23 10:36:21,844 - __main__ - INFO - MA20: 103.06
2025-04-23 10:36:21,844 - __main__ - INFO - MA50: 103.08
2025-04-23 10:36:21,844 - __main__ - INFO - MA200: nan
2025-04-23 10:36:21,844 - __main__ - INFO - 波动率: 0.12%
2025-04-23 10:36:21,923 - __main__ - INFO - 
PFE 分析报告:
2025-04-23 10:36:21,923 - __main__ - INFO - 价格: 22.30
2025-04-23 10:36:21,923 - __main__ - INFO - 涨跌幅: 0.00%
2025-04-23 10:36:21,923 - __main__ - INFO - 成交量: 0.0
2025-04-23 10:36:21,923 - __main__ - INFO - 技术指标:
2025-04-23 10:36:21,923 - __main__ - INFO - RSI: 57.31
2025-04-23 10:36:21,923 - __main__ - INFO - MACD: -0.00
2025-04-23 10:36:21,923 - __main__ - INFO - MACD Signal: -0.01
2025-04-23 10:36:21,923 - __main__ - INFO - MA20: 22.28
2025-04-23 10:36:21,923 - __main__ - INFO - MA50: 22.30
2025-04-23 10:36:21,923 - __main__ - INFO - MA200: nan
2025-04-23 10:36:21,923 - __main__ - INFO - 波动率: 0.07%
2025-04-23 10:36:22,012 - __main__ - INFO - 
MSFT 分析报告:
2025-04-23 10:36:22,012 - __main__ - INFO - 价格: 375.52
2025-04-23 10:36:22,012 - __main__ - INFO - 涨跌幅: 0.00%
2025-04-23 10:36:22,012 - __main__ - INFO - 成交量: 0.0
2025-04-23 10:36:22,012 - __main__ - INFO - 技术指标:
2025-04-23 10:36:22,012 - __main__ - INFO - RSI: 70.00
2025-04-23 10:36:22,012 - __main__ - INFO - MACD: 0.07
2025-04-23 10:36:22,012 - __main__ - INFO - MACD Signal: -0.08
2025-04-23 10:36:22,012 - __main__ - INFO - MA20: 374.73
2025-04-23 10:36:22,012 - __main__ - INFO - MA50: 375.10
2025-04-23 10:36:22,012 - __main__ - INFO - MA200: nan
2025-04-23 10:36:22,013 - __main__ - INFO - 波动率: 0.07%
2025-04-23 10:36:22,133 - __main__ - INFO - 
TMDX 分析报告:
2025-04-23 10:36:22,133 - __main__ - INFO - 价格: 92.46
2025-04-23 10:36:22,133 - __main__ - INFO - 涨跌幅: 0.00%
2025-04-23 10:36:22,133 - __main__ - INFO - 成交量: 0.0
2025-04-23 10:36:22,133 - __main__ - INFO - 技术指标:
2025-04-23 10:36:22,133 - __main__ - INFO - RSI: 75.06
2025-04-23 10:36:22,133 - __main__ - INFO - MACD: 0.08
2025-04-23 10:36:22,133 - __main__ - INFO - MACD Signal: 0.03
2025-04-23 10:36:22,133 - __main__ - INFO - MA20: 92.10
2025-04-23 10:36:22,133 - __main__ - INFO - MA50: 92.02
2025-04-23 10:36:22,133 - __main__ - INFO - MA200: nan
2025-04-23 10:36:22,133 - __main__ - INFO - 波动率: 0.12%
2025-04-23 10:37:22,257 - __main__ - INFO - 
AMD 分析报告:
2025-04-23 10:37:22,257 - __main__ - INFO - 价格: 91.60
2025-04-23 10:37:22,257 - __main__ - INFO - 涨跌幅: 0.00%
2025-04-23 10:37:22,257 - __main__ - INFO - 成交量: 0.0
2025-04-23 10:37:22,257 - __main__ - INFO - 技术指标:
2025-04-23 10:37:22,257 - __main__ - INFO - RSI: 82.64
2025-04-23 10:37:22,257 - __main__ - INFO - MACD: 0.19
2025-04-23 10:37:22,257 - __main__ - INFO - MACD Signal: 0.11
2025-04-23 10:37:22,257 - __main__ - INFO - MA20: 91.01
2025-04-23 10:37:22,258 - __main__ - INFO - MA50: 90.89
2025-04-23 10:37:22,258 - __main__ - INFO - MA200: nan
2025-04-23 10:37:22,258 - __main__ - INFO - 波动率: 0.12%
2025-04-23 10:37:22,647 - __main__ - INFO - 
NVDA 分析报告:
2025-04-23 10:37:22,647 - __main__ - INFO - 价格: 103.56
2025-04-23 10:37:22,647 - __main__ - INFO - 涨跌幅: 0.00%
2025-04-23 10:37:22,648 - __main__ - INFO - 成交量: 0.0
2025-04-23 10:37:22,648 - __main__ - INFO - 技术指标:
2025-04-23 10:37:22,648 - __main__ - INFO - RSI: 74.50
2025-04-23 10:37:22,648 - __main__ - INFO - MACD: 0.10
2025-04-23 10:37:22,648 - __main__ - INFO - MACD Signal: 0.04
2025-04-23 10:37:22,648 - __main__ - INFO - MA20: 103.08
2025-04-23 10:37:22,648 - __main__ - INFO - MA50: 103.10
2025-04-23 10:37:22,648 - __main__ - INFO - MA200: nan
2025-04-23 10:37:22,648 - __main__ - INFO - 波动率: 0.13%
2025-04-23 10:37:22,729 - __main__ - INFO - 
PFE 分析报告:
2025-04-23 10:37:22,729 - __main__ - INFO - 价格: 22.30
2025-04-23 10:37:22,729 - __main__ - INFO - 涨跌幅: 0.00%
2025-04-23 10:37:22,729 - __main__ - INFO - 成交量: 0.0
2025-04-23 10:37:22,729 - __main__ - INFO - 技术指标:
2025-04-23 10:37:22,729 - __main__ - INFO - RSI: 59.46
2025-04-23 10:37:22,729 - __main__ - INFO - MACD: -0.00
2025-04-23 10:37:22,729 - __main__ - INFO - MACD Signal: -0.00
2025-04-23 10:37:22,729 - __main__ - INFO - MA20: 22.28
2025-04-23 10:37:22,729 - __main__ - INFO - MA50: 22.30
2025-04-23 10:37:22,729 - __main__ - INFO - MA200: nan
2025-04-23 10:37:22,729 - __main__ - INFO - 波动率: 0.07%
2025-04-23 10:37:22,836 - __main__ - INFO - 
MSFT 分析报告:
2025-04-23 10:37:22,836 - __main__ - INFO - 价格: 375.74
2025-04-23 10:37:22,836 - __main__ - INFO - 涨跌幅: 0.00%
2025-04-23 10:37:22,836 - __main__ - INFO - 成交量: 0.0
2025-04-23 10:37:22,837 - __main__ - INFO - 技术指标:
2025-04-23 10:37:22,837 - __main__ - INFO - RSI: 71.57
2025-04-23 10:37:22,837 - __main__ - INFO - MACD: 0.13
2025-04-23 10:37:22,837 - __main__ - INFO - MACD Signal: -0.03
2025-04-23 10:37:22,837 - __main__ - INFO - MA20: 374.77
2025-04-23 10:37:22,837 - __main__ - INFO - MA50: 375.11
2025-04-23 10:37:22,837 - __main__ - INFO - MA200: nan
2025-04-23 10:37:22,837 - __main__ - INFO - 波动率: 0.08%
2025-04-23 10:37:22,933 - __main__ - INFO - 
TMDX 分析报告:
2025-04-23 10:37:22,933 - __main__ - INFO - 价格: 92.46
2025-04-23 10:37:22,933 - __main__ - INFO - 涨跌幅: 0.00%
2025-04-23 10:37:22,933 - __main__ - INFO - 成交量: 0.0
2025-04-23 10:37:22,933 - __main__ - INFO - 技术指标:
2025-04-23 10:37:22,934 - __main__ - INFO - RSI: 75.06
2025-04-23 10:37:22,934 - __main__ - INFO - MACD: 0.08
2025-04-23 10:37:22,934 - __main__ - INFO - MACD Signal: 0.03
2025-04-23 10:37:22,934 - __main__ - INFO - MA20: 92.10
2025-04-23 10:37:22,934 - __main__ - INFO - MA50: 92.02
2025-04-23 10:37:22,934 - __main__ - INFO - MA200: nan
2025-04-23 10:37:22,934 - __main__ - INFO - 波动率: 0.12%
